3303
0 0 11 0
12 0 23 0
24 0 35 0
48 0 59 0
60 0 71 0
72 0 83 0
108 0 119 0
120 0 131 0
132 0 143 0
168 0 179 0
0 1 11 1
12 1 23 1
24 1 35 1
48 1 59 1
60 1 71 1
72 1 83 1
90 0 95 1
108 1 119 1
120 1 131 1
138 1 149 1
156 0 161 1
168 1 179 1
192 0 197 1
0 2 11 2
12 2 23 2
36 0 39 2
48 2 59 2
60 2 71 2
78 2 89 2
90 2 101 2
108 2 119 2
120 2 131 2
132 1 137 2
138 2 149 2
156 2 167 2
0 3 11 3
12 3 23 3
36 3 47 3
48 3 59 3
60 3 71 3
72 2 77 3
78 3 89 3
90 3 101 3
108 3 119 3
120 3 131 3
132 3 143 3
144 3 155 3
156 3 167 3
168 2 173 3
0 4 11 4
24 2 27 4
36 4 47 4
48 4 59 4
60 4 71 4
72 4 83 4
84 4 95 4
96 4 107 4
108 4 119 4
120 4 131 4
132 4 143 4
144 4 155 4
156 4 167 4
168 4 179 4
192 2 195 4
0 5 11 5
36 5 47 5
48 5 59 5
60 5 71 5
72 5 83 5
84 5 95 5
96 5 107 5
108 5 119 5
120 5 131 5
132 5 143 5
156 5 167 5
198 0 199 5
0 6 11 6
36 6 47 6
48 6 59 6
72 6 83 6
84 6 95 6
96 6 107 6
108 6 119 6
132 6 143 6
156 6 167 6
168 5 173 6
0 7 11 7
36 7 47 7
48 7 59 7
60 6 65 7
72 7 83 7
84 7 95 7
96 7 107 7
108 7 119 7
120 6 125 7
132 7 143 7
156 7 167 7
168 7 179 7
192 5 195 7
0 8 11 8
24 5 26 8
36 8 47 8
48 8 59 8
60 8 71 8
72 8 83 8
84 8 95 8
96 8 107 8
120 8 131 8
132 8 143 8
156 8 167 8
168 8 179 8
12 4 13 9
24 9 35 9
36 9 47 9
48 9 59 9
60 9 71 9
72 9 83 9
84 9 95 9
96 9 107 9
108 8 113 9
120 9 131 9
132 9 143 9
156 9 167 9
168 9 179 9
192 8 197 9
0 9 5 10
12 10 23 10
24 10 35 10
48 10 59 10
72 10 83 10
84 10 95 10
96 10 107 10
108 10 119 10
120 10 131 10
132 10 143 10
144 5 145 10
156 10 167 10
168 10 179 10
0 11 11 11
12 11 23 11
24 11 35 11
36 10 41 11
48 11 59 11
60 10 65 11
72 11 83 11
96 11 107 11
108 11 119 11
120 11 131 11
132 11 143 11
144 11 155 11
156 11 167 11
168 11 179 11
192 10 197 11
198 6 199 11
0 12 11 12
12 12 23 12
24 12 35 12
36 12 47 12
48 12 59 12
60 12 71 12
72 12 83 12
96 12 107 12
144 12 155 12
156 12 167 12
168 12 179 12
0 13 11 13
12 13 23 13
24 13 35 13
36 13 47 13
48 13 59 13
60 13 71 13
72 13 83 13
108 12 113 13
120 12 125 13
132 12 137 13
144 13 155 13
168 13 179 13
192 12 197 13
0 14 11 14
24 14 35 14
36 14 47 14
48 14 59 14
60 14 71 14
72 14 83 14
96 13 101 14
108 14 119 14
120 14 131 14
144 14 155 14
0 15 11 15
12 14 17 15
24 15 35 15
36 15 47 15
48 15 59 15
60 15 71 15
72 15 83 15
96 15 107 15
108 15 119 15
120 15 131 15
132 14 137 15
144 15 155 15
156 13 159 15
0 16 11 16
24 16 35 16
36 16 47 16
48 16 59 16
60 16 71 16
72 16 83 16
96 16 107 16
120 16 131 16
132 16 143 16
144 16 155 16
156 16 167 16
168 14 171 16
192 14 195 16
24 17 35 17
36 17 47 17
48 17 59 17
60 17 71 17
72 17 83 17
96 17 107 17
108 16 113 17
144 17 155 17
156 17 167 17
198 12 199 17
0 17 5 18
12 16 15 18
24 18 35 18
36 18 47 18
60 18 71 18
72 18 83 18
108 18 119 18
120 17 125 18
132 17 137 18
144 18 155 18
156 18 167 18
168 17 173 18
192 17 197 18
0 19 11 19
12 19 23 19
48 18 53 19
60 19 71 19
96 18 101 19
108 19 119 19
120 19 131 19
132 19 143 19
144 19 155 19
156 19 167 19
168 19 179 19
0 20 11 20
12 20 23 20
24 19 29 20
36 19 41 20
48 20 59 20
60 20 71 20
72 19 77 20
96 20 107 20
120 20 131 20
132 20 143 20
144 20 155 20
192 19 197 20
0 21 11 21
24 21 35 21
48 21 59 21
72 21 83 21
120 21 131 21
132 21 143 21
144 21 155 21
156 20 161 21
0 22 11 22
12 21 17 22
36 21 41 22
48 22 59 22
60 21 65 22
72 22 83 22
84 11 84 22
144 22 155 22
156 22 167 22
168 20 171 22
192 21 197 22
0 23 11 23
12 23 23 23
24 22 29 23
36 23 47 23
48 23 59 23
60 23 71 23
72 23 83 23
84 23 95 23
96 21 99 23
132 22 137 23
144 23 155 23
156 23 167 23
168 23 179 23
0 24 11 24
12 24 23 24
24 24 35 24
36 24 47 24
48 24 59 24
60 24 71 24
72 24 83 24
84 24 95 24
132 24 143 24
144 24 155 24
156 24 167 24
168 24 179 24
192 23 197 24
0 25 11 25
12 25 23 25
24 25 35 25
36 25 47 25
48 25 59 25
60 25 71 25
72 25 83 25
84 25 95 25
108 20 109 25
120 22 122 25
132 25 143 25
144 25 155 25
156 25 167 25
168 25 179 25
0 26 11 26
12 26 23 26
24 26 35 26
36 26 47 26
48 26 59 26
60 26 71 26
84 26 95 26
96 24 99 26
108 26 119 26
120 26 131 26
132 26 143 26
144 26 155 26
156 26 167 26
168 26 179 26
192 25 197 26
0 27 11 27
12 27 23 27
24 27 35 27
36 27 47 27
48 27 59 27
60 27 71 27
84 27 95 27
96 27 107 27
108 27 119 27
120 27 131 27
132 27 143 27
144 27 155 27
156 27 167 27
168 27 179 27
0 28 11 28
12 28 23 28
24 28 35 28
36 28 47 28
48 28 59 28
60 28 71 28
84 28 95 28
108 28 119 28
120 28 131 28
132 28 143 28
144 28 155 28
168 28 179 28
192 27 197 28
0 29 11 29
36 29 47 29
48 29 59 29
60 29 71 29
72 26 74 29
84 29 95 29
120 29 131 29
132 29 143 29
144 29 155 29
156 28 161 29
168 29 179 29
199 18 199 29
0 30 11 30
12 29 17 30
24 29 29 30
36 30 47 30
48 30 59 30
60 30 71 30
72 30 83 30
84 30 95 30
96 28 99 30
120 30 131 30
132 30 143 30
144 30 155 30
156 30 167 30
168 30 179 30
192 29 197 30
0 31 11 31
24 31 35 31
36 31 47 31
48 31 59 31
60 31 71 31
72 31 83 31
84 31 95 31
96 31 107 31
120 31 131 31
132 31 143 31
144 31 155 31
156 31 167 31
168 31 179 31
12 31 17 32
24 32 35 32
36 32 47 32
48 32 59 32
60 32 71 32
72 32 83 32
96 32 107 32
108 29 110 32
132 32 143 32
156 32 167 32
168 32 179 32
192 31 197 32
0 32 5 33
12 33 23 33
24 33 35 33
36 33 47 33
48 33 59 33
60 33 71 33
96 33 107 33
108 33 119 33
144 32 149 33
0 34 11 34
12 34 23 34
24 34 35 34
36 34 47 34
48 34 59 34
72 33 77 34
84 32 87 34
96 34 107 34
108 34 119 34
144 34 155 34
156 33 161 34
168 33 173 34
192 33 197 34
12 35 23 35
36 35 47 35
48 35 59 35
60 34 65 35
72 35 83 35
84 35 95 35
96 35 107 35
108 35 119 35
132 33 135 35
156 35 167 35
168 35 179 35
12 36 23 36
36 36 47 36
48 36 59 36
60 36 71 36
72 36 83 36
84 36 95 36
96 36 107 36
108 36 119 36
132 36 143 36
144 35 149 36
156 36 167 36
168 36 179 36
192 35 197 36
12 37 23 37
24 35 27 37
36 37 47 37
48 37 59 37
60 37 71 37
72 37 83 37
84 37 95 37
96 37 107 37
108 37 119 37
120 32 121 37
132 37 143 37
144 37 155 37
168 37 179 37
12 38 23 38
24 38 35 38
36 38 47 38
48 38 59 38
84 38 95 38
120 38 131 38
132 38 143 38
144 38 155 38
156 37 161 38
168 38 179 38
192 37 197 38
12 39 23 39
24 39 35 39
36 39 47 39
48 39 59 39
84 39 95 39
108 38 113 39
120 39 131 39
132 39 143 39
144 39 155 39
156 39 167 39
168 39 179 39
0 35 1 40
12 40 23 40
24 40 35 40
48 40 59 40
60 38 63 40
84 40 95 40
108 40 119 40
120 40 131 40
132 40 143 40
156 40 167 40
168 40 179 40
192 39 197 40
199 30 199 40
0 41 11 41
12 41 23 41
24 41 35 41
48 41 59 41
60 41 71 41
72 38 74 41
108 41 119 41
120 41 131 41
132 41 143 41
144 40 149 41
156 41 167 41
0 42 11 42
12 42 23 42
24 42 35 42
36 40 39 42
60 42 71 42
72 42 83 42
108 42 119 42
120 42 131 42
132 42 143 42
144 42 155 42
168 41 173 42
0 43 11 43
12 43 23 43
24 43 35 43
36 43 47 43
48 42 53 43
72 43 83 43
84 41 87 43
108 43 119 43
120 43 131 43
144 43 155 43
156 42 161 43
168 43 179 43
192 41 195 43
0 44 11 44
12 44 23 44
24 44 35 44
36 44 47 44
48 44 59 44
60 43 65 44
72 44 83 44
84 44 95 44
108 44 119 44
120 44 131 44
132 43 137 44
156 44 167 44
168 44 179 44
0 45 11 45
24 45 35 45
60 45 71 45
72 45 83 45
84 45 95 45
108 45 119 45
120 45 131 45
132 45 143 45
144 44 149 45
156 45 167 45
168 45 179 45
192 44 197 45
0 46 11 46
12 45 17 46
24 46 35 46
36 45 41 46
48 45 53 46
60 46 71 46
72 46 83 46
84 46 95 46
108 46 119 46
120 46 131 46
132 46 143 46
156 46 167 46
168 46 179 46
0 47 11 47
12 47 23 47
24 47 35 47
36 47 47 47
48 47 59 47
60 47 71 47
72 47 83 47
84 47 95 47
108 47 119 47
120 47 131 47
144 46 149 47
156 47 167 47
168 47 179 47
192 46 197 47
0 48 11 48
12 48 23 48
24 48 35 48
36 48 47 48
48 48 59 48
60 48 71 48
72 48 83 48
84 48 95 48
108 48 119 48
120 48 131 48
132 47 137 48
144 48 155 48
168 48 179 48
0 49 11 49
12 49 23 49
24 49 35 49
36 49 47 49
60 49 71 49
72 49 83 49
96 38 96 49
120 49 131 49
132 49 143 49
156 48 161 49
168 49 179 49
192 48 197 49
0 50 11 50
12 50 23 50
24 50 35 50
36 50 47 50
60 50 71 50
84 49 89 50
96 50 107 50
120 50 131 50
132 50 143 50
144 49 149 50
156 50 167 50
168 50 179 50
0 51 11 51
12 51 23 51
24 51 35 51
36 51 47 51
48 49 51 51
60 51 71 51
72 50 77 51
84 51 95 51
96 51 107 51
108 49 111 51
120 51 131 51
132 51 143 51
156 51 167 51
168 51 179 51
0 52 11 52
12 52 23 52
24 52 35 52
36 52 47 52
48 52 59 52
60 52 71 52
72 52 83 52
84 52 95 52
96 52 107 52
108 52 119 52
120 52 131 52
144 51 149 52
156 52 167 52
168 52 179 52
192 50 195 52
199 41 199 52
0 53 11 53
12 53 23 53
24 53 35 53
36 53 47 53
48 53 59 53
72 53 83 53
84 53 95 53
96 53 107 53
108 53 119 53
120 53 131 53
132 52 137 53
144 53 155 53
156 53 167 53
168 53 179 53
0 54 11 54
12 54 23 54
24 54 35 54
36 54 47 54
72 54 83 54
84 54 95 54
96 54 107 54
108 54 119 54
132 54 143 54
156 54 167 54
168 54 179 54
192 53 197 54
0 55 11 55
12 55 23 55
24 55 35 55
36 55 47 55
48 54 53 55
60 53 63 55
72 55 83 55
108 55 119 55
120 54 125 55
132 55 143 55
144 54 149 55
156 55 167 55
168 55 179 55
0 56 11 56
12 56 23 56
24 56 35 56
48 56 59 56
60 56 71 56
72 56 83 56
96 55 101 56
108 56 119 56
120 56 131 56
132 56 143 56
144 56 155 56
156 56 167 56
168 56 179 56
192 55 197 56
0 57 11 57
12 57 23 57
24 57 35 57
48 57 59 57
60 57 71 57
72 57 83 57
96 57 107 57
120 57 131 57
132 57 143 57
144 57 155 57
156 57 167 57
168 57 179 57
0 58 11 58
12 58 23 58
24 58 35 58
36 56 39 58
72 58 83 58
84 55 86 58
96 58 107 58
108 57 113 58
120 58 131 58
132 58 143 58
144 58 155 58
156 58 167 58
168 58 179 58
192 57 197 58
0 59 11 59
12 59 23 59
24 59 35 59
36 59 47 59
48 58 53 59
72 59 83 59
84 59 95 59
96 59 107 59
108 59 119 59
120 59 131 59
132 59 143 59
144 59 155 59
156 59 167 59
168 59 179 59
0 60 11 60
12 60 23 60
24 60 35 60
36 60 47 60
48 60 59 60
72 60 83 60
84 60 95 60
96 60 107 60
120 60 131 60
132 60 143 60
144 60 155 60
156 60 167 60
168 60 179 60
192 59 197 60
0 61 11 61
12 61 23 61
24 61 35 61
36 61 47 61
48 61 59 61
72 61 83 61
84 61 95 61
96 61 107 61
108 60 113 61
120 61 131 61
132 61 143 61
144 61 155 61
156 61 167 61
168 61 179 61
199 53 199 61
0 62 11 62
12 62 23 62
24 62 35 62
36 62 47 62
48 62 59 62
72 62 83 62
84 62 95 62
96 62 107 62
120 62 131 62
132 62 143 62
144 62 155 62
156 62 167 62
168 62 179 62
192 61 197 62
0 63 11 63
12 63 23 63
24 63 35 63
36 63 47 63
48 63 59 63
60 58 61 63
72 63 83 63
84 63 95 63
96 63 107 63
108 62 113 63
120 63 131 63
132 63 143 63
144 63 155 63
156 63 167 63
168 63 179 63
0 64 11 64
12 64 23 64
24 64 35 64
36 64 47 64
48 64 59 64
72 64 83 64
84 64 95 64
96 64 107 64
108 64 119 64
120 64 131 64
132 64 143 64
144 64 155 64
156 64 167 64
168 64 179 64
192 63 197 64
0 65 11 65
12 65 23 65
24 65 35 65
36 65 47 65
48 65 59 65
72 65 83 65
84 65 95 65
96 65 107 65
108 65 119 65
120 65 131 65
132 65 143 65
144 65 155 65
156 65 167 65
0 66 11 66
12 66 23 66
24 66 35 66
48 66 59 66
60 64 63 66
72 66 83 66
84 66 95 66
96 66 107 66
108 66 119 66
120 66 131 66
132 66 143 66
144 66 155 66
156 66 167 66
168 65 173 66
192 65 197 66
0 67 11 67
12 67 23 67
24 67 35 67
36 66 41 67
48 67 59 67
60 67 71 67
84 67 95 67
96 67 107 67
120 67 131 67
132 67 143 67
144 67 155 67
156 67 167 67
0 68 11 68
12 68 23 68
24 68 35 68
36 68 47 68
48 68 59 68
60 68 71 68
72 67 77 68
96 68 107 68
120 68 131 68
132 68 143 68
144 68 155 68
156 68 167 68
168 67 173 68
192 67 197 68
0 69 11 69
12 69 23 69
24 69 35 69
36 69 47 69
48 69 59 69
60 69 71 69
72 69 83 69
96 69 107 69
108 67 111 69
120 69 131 69
132 69 143 69
156 69 167 69
168 69 179 69
199 62 199 69
12 70 23 70
24 70 35 70
36 70 47 70
48 70 59 70
60 70 71 70
84 68 87 70
132 70 143 70
144 69 149 70
168 70 179 70
0 70 5 71
12 71 23 71
24 71 35 71
36 71 47 71
48 71 59 71
60 71 71 71
84 71 95 71
108 70 113 71
132 71 143 71
168 71 179 71
192 69 195 71
0 72 11 72
12 72 23 72
24 72 35 72
36 72 47 72
48 72 59 72
60 72 71 72
72 70 75 72
84 72 95 72
108 72 119 72
120 70 123 72
132 72 143 72
144 71 149 72
156 70 159 72
168 72 179 72
0 73 11 73
12 73 23 73
36 73 47 73
48 73 59 73
60 73 71 73
72 73 83 73
84 73 95 73
96 70 98 73
108 73 119 73
132 73 143 73
144 73 155 73
156 73 167 73
168 73 179 73
192 72 197 73
0 74 11 74
12 74 23 74
24 73 29 74
36 74 47 74
48 74 59 74
60 74 71 74
72 74 83 74
84 74 95 74
96 74 107 74
108 74 119 74
120 73 125 74
132 74 143 74
144 74 155 74
156 74 167 74
168 74 179 74
0 75 11 75
24 75 35 75
36 75 47 75
48 75 59 75
60 75 71 75
72 75 83 75
84 75 95 75
96 75 107 75
108 75 119 75
120 75 131 75
132 75 143 75
144 75 155 75
156 75 167 75
168 75 179 75
192 74 197 75
0 76 11 76
12 75 17 76
24 76 35 76
36 76 47 76
48 76 59 76
60 76 71 76
84 76 95 76
96 76 107 76
108 76 119 76
120 76 131 76
132 76 143 76
168 76 179 76
0 77 11 77
12 77 23 77
24 77 35 77
36 77 47 77
72 76 77 77
84 77 95 77
96 77 107 77
108 77 119 77
144 76 149 77
156 76 161 77
168 77 179 77
192 76 197 77
0 78 11 78
24 78 35 78
36 78 47 78
48 77 53 78
60 77 65 78
72 78 83 78
84 78 95 78
96 78 107 78
120 77 125 78
144 78 155 78
168 78 179 78
24 79 35 79
36 79 47 79
48 79 59 79
60 79 71 79
72 79 83 79
84 79 95 79
96 79 107 79
108 78 113 79
120 79 131 79
144 79 155 79
168 79 179 79
192 78 197 79
0 79 5 80
24 80 35 80
36 80 47 80
48 80 59 80
60 80 71 80
72 80 83 80
84 80 95 80
96 80 107 80
108 80 119 80
120 80 131 80
144 80 155 80
156 78 159 80
168 80 179 80
0 81 11 81
12 78 14 81
36 81 47 81
48 81 59 81
60 81 71 81
72 81 83 81
84 81 95 81
108 81 119 81
120 81 131 81
144 81 155 81
156 81 167 81
168 81 179 81
192 80 197 81
199 70 199 81
0 82 11 82
12 82 23 82
24 81 29 82
60 82 71 82
72 82 83 82
84 82 95 82
96 81 101 82
108 82 119 82
120 82 131 82
144 82 155 82
156 82 167 82
168 82 179 82
0 83 11 83
48 82 53 83
60 83 71 83
72 83 83 83
84 83 95 83
108 83 119 83
120 83 131 83
144 83 155 83
156 83 167 83
168 83 179 83
192 82 197 83
0 84 11 84
48 84 59 84
72 84 83 84
84 84 95 84
96 83 101 84
108 84 119 84
120 84 131 84
144 84 155 84
168 84 179 84
0 85 11 85
24 83 27 85
48 85 59 85
60 84 65 85
72 85 83 85
84 85 95 85
96 85 107 85
120 85 131 85
144 85 155 85
156 84 161 85
168 85 179 85
48 86 59 86
60 86 71 86
72 86 83 86
84 86 95 86
96 86 107 86
108 85 113 86
120 86 131 86
144 86 155 86
156 86 167 86
168 86 179 86
0 86 5 87
48 87 59 87
60 87 71 87
72 87 83 87
84 87 95 87
96 87 107 87
108 87 119 87
120 87 131 87
144 87 155 87
156 87 167 87
168 87 179 87
192 84 194 87
0 88 11 88
12 83 13 88
48 88 59 88
72 88 83 88
84 88 95 88
96 88 107 88
108 88 119 88
120 88 131 88
132 77 132 88
144 88 155 88
156 88 167 88
168 88 179 88
0 89 11 89
12 89 23 89
60 88 65 89
72 89 83 89
84 89 95 89
96 89 107 89
108 89 119 89
120 89 131 89
132 89 143 89
144 89 155 89
156 89 167 89
168 89 179 89
192 88 197 89
0 90 11 90
12 90 23 90
48 89 53 90
60 90 71 90
72 90 83 90
84 90 95 90
96 90 107 90
132 90 143 90
168 90 179 90
0 91 11 91
12 91 23 91
24 86 25 91
48 91 59 91
60 91 71 91
72 91 83 91
84 91 95 91
96 91 107 91
120 90 125 91
132 91 143 91
168 91 179 91
192 90 197 91
0 92 11 92
12 92 23 92
24 92 35 92
60 92 71 92
72 92 83 92
84 92 95 92
96 92 107 92
108 90 111 92
120 92 131 92
132 92 143 92
168 92 179 92
12 93 23 93
24 93 35 93
36 82 36 93
48 92 53 93
60 93 71 93
72 93 83 93
84 93 95 93
96 93 107 93
120 93 131 93
168 93 179 93
192 92 197 93
0 93 5 94
12 94 23 94
24 94 35 94
36 94 47 94
48 94 59 94
60 94 71 94
72 94 83 94
84 94 95 94
96 94 107 94
108 93 113 94
120 94 131 94
132 93 137 94
168 94 179 94
199 83 199 94
0 95 11 95
24 95 35 95
48 95 59 95
60 95 71 95
72 95 83 95
84 95 95 95
96 95 107 95
108 95 119 95
120 95 131 95
132 95 143 95
168 95 179 95
192 94 197 95
0 96 11 96
12 95 17 96
24 96 35 96
48 96 59 96
60 96 71 96
72 96 83 96
84 96 95 96
96 96 107 96
108 96 119 96
120 96 131 96
168 96 179 96
0 97 11 97
12 97 23 97
24 97 35 97
48 97 59 97
60 97 71 97
72 97 83 97
84 97 95 97
96 97 107 97
108 97 119 97
120 97 131 97
132 96 137 97
168 97 179 97
192 96 197 97
0 98 11 98
12 98 23 98
24 98 35 98
48 98 59 98
60 98 71 98
72 98 83 98
84 98 95 98
108 98 119 98
120 98 131 98
132 98 143 98
168 98 179 98
0 99 11 99
12 99 23 99
24 99 35 99
48 99 59 99
60 99 71 99
72 99 83 99
108 99 119 99
120 99 131 99
132 99 143 99
168 99 179 99
0 100 11 100
12 100 23 100
24 100 35 100
36 95 37 100
48 100 59 100
72 100 83 100
84 99 89 100
108 100 119 100
120 100 131 100
132 100 143 100
168 100 179 100
0 101 11 101
12 101 23 101
24 101 35 101
36 101 47 101
48 101 59 101
60 100 65 101
72 101 83 101
96 98 98 101
108 101 119 101
120 101 131 101
132 101 143 101
144 90 144 101
156 90 156 101
168 101 179 101
0 102 11 102
12 102 23 102
24 102 35 102
36 102 47 102
60 102 71 102
72 102 83 102
84 101 89 102
96 102 107 102
108 102 119 102
120 102 131 102
132 102 143 102
144 102 155 102
156 102 167 102
168 102 179 102
0 103 11 103
24 103 35 103
36 103 47 103
72 103 83 103
84 103 95 103
96 103 107 103
120 103 131 103
132 103 143 103
156 103 167 103
168 103 179 103
0 104 11 104
24 104 35 104
36 104 47 104
60 103 65 104
72 104 83 104
84 104 95 104
96 104 107 104
120 104 131 104
144 103 149 104
156 104 167 104
168 104 179 104
0 105 11 105
36 105 47 105
60 105 71 105
72 105 83 105
84 105 95 105
96 105 107 105
132 104 137 105
168 105 179 105
0 106 11 106
12 103 14 106
36 106 47 106
60 106 71 106
72 106 83 106
84 106 95 106
96 106 107 106
120 105 125 106
132 106 143 106
144 105 149 106
168 106 179 106
0 107 11 107
12 107 23 107
24 105 27 107
36 107 47 107
48 102 49 107
60 107 71 107
72 107 83 107
84 107 95 107
96 107 107 107
120 107 131 107
132 107 143 107
144 107 155 107
156 105 159 107
168 107 179 107
0 108 11 108
12 108 23 108
24 108 35 108
36 108 47 108
48 108 59 108
60 108 71 108
84 108 95 108
96 108 107 108
108 103 109 108
120 108 131 108
132 108 143 108
144 108 155 108
156 108 167 108
168 108 179 108
199 97 199 108
0 109 11 109
12 109 23 109
24 109 35 109
36 109 47 109
48 109 59 109
60 109 71 109
72 108 77 109
84 109 95 109
96 109 107 109
132 109 143 109
144 109 155 109
156 109 167 109
192 98 192 109
12 110 23 110
24 110 35 110
36 110 47 110
48 110 59 110
60 110 71 110
84 110 95 110
96 110 107 110
108 109 113 110
156 110 167 110
0 110 5 111
12 111 23 111
24 111 35 111
36 111 47 111
48 111 59 111
60 111 71 111
84 111 95 111
96 111 107 111
108 111 119 111
156 111 167 111
170 109 173 111
192 110 197 111
12 112 23 112
24 112 35 112
36 112 47 112
48 112 59 112
60 112 71 112
72 110 75 112
84 112 95 112
96 112 107 112
108 112 119 112
120 109 122 112
144 110 147 112
156 112 167 112
0 112 5 113
12 113 23 113
48 113 59 113
60 113 71 113
72 113 83 113
84 113 95 113
108 113 119 113
120 113 131 113
132 110 134 113
144 113 155 113
156 113 167 113
170 112 175 113
192 112 197 113
0 114 11 114
12 114 23 114
24 113 29 114
36 113 41 114
48 114 59 114
60 114 71 114
72 114 83 114
84 114 95 114
96 113 101 114
120 114 131 114
132 114 143 114
144 114 155 114
156 114 167 114
168 109 169 114
170 114 181 114
0 115 11 115
12 115 23 115
24 115 35 115
36 115 47 115
48 115 59 115
72 115 83 115
84 115 95 115
96 115 107 115
108 114 113 115
120 115 131 115
144 115 155 115
156 115 167 115
168 115 179 115
192 114 197 115
0 116 11 116
12 116 23 116
24 116 35 116
36 116 47 116
48 116 59 116
72 116 83 116
84 116 95 116
96 116 107 116
108 116 119 116
120 116 131 116
132 115 137 116
144 116 155 116
156 116 167 116
168 116 179 116
0 117 11 117
24 117 35 117
36 117 47 117
48 117 59 117
60 116 65 117
84 117 95 117
108 117 119 117
120 117 131 117
132 117 143 117
144 117 155 117
156 117 167 117
174 117 185 117
0 118 11 118
12 117 17 118
24 118 35 118
48 118 59 118
60 118 71 118
72 117 77 118
84 118 95 118
96 117 101 118
108 118 119 118
120 118 131 118
132 118 143 118
144 118 155 118
168 117 173 118
174 118 185 118
192 116 195 118
0 119 11 119
12 119 23 119
24 119 35 119
48 119 59 119
60 119 71 119
84 119 95 119
96 119 107 119
108 119 119 119
120 119 131 119
132 119 143 119
144 119 155 119
156 118 161 119
168 119 179 119
180 119 191 119
0 120 11 120
24 120 35 120
36 118 39 120
48 120 59 120
60 120 71 120
108 120 119 120
120 120 131 120
144 120 155 120
156 120 167 120
168 120 179 120
180 120 191 120
192 119 197 120
0 121 11 121
12 120 17 121
24 121 35 121
48 121 59 121
60 121 71 121
84 120 89 121
96 120 101 121
108 121 119 121
144 121 155 121
156 121 167 121
168 121 179 121
180 121 191 121
0 122 11 122
12 122 23 122
36 121 41 122
48 122 59 122
84 122 95 122
96 122 107 122
108 122 119 122
120 121 125 122
132 120 135 122
144 122 155 122
156 122 167 122
180 122 191 122
192 121 197 122
0 123 11 123
12 123 23 123
24 122 29 123
36 123 47 123
84 123 95 123
96 123 107 123
108 123 119 123
120 123 131 123
144 123 155 123
168 122 173 123
180 123 191 123
0 124 11 124
12 124 23 124
36 124 47 124
60 122 63 124
72 119 73 124
84 124 95 124
108 124 119 124
120 124 131 124
132 123 137 124
144 124 155 124
156 123 161 124
180 124 191 124
0 125 11 125
12 125 23 125
24 124 29 125
36 125 47 125
48 123 51 125
60 125 71 125
72 125 83 125
96 124 101 125
108 125 119 125
120 125 131 125
132 125 143 125
144 125 155 125
156 125 167 125
180 125 191 125
192 123 195 125
0 126 11 126
12 126 23 126
24 126 35 126
36 126 47 126
60 126 71 126
96 126 107 126
120 126 131 126
132 126 143 126
144 126 155 126
156 126 167 126
168 124 171 126
180 126 191 126
0 127 11 127
12 127 23 127
24 127 35 127
36 127 47 127
48 126 53 127
60 127 71 127
72 126 77 127
96 127 107 127
108 126 113 127
120 127 131 127
132 127 143 127
144 127 155 127
156 127 167 127
168 127 179 127
180 127 191 127
0 128 11 128
12 128 23 128
24 128 35 128
36 128 47 128
48 128 59 128
72 128 83 128
84 125 86 128
108 128 119 128
132 128 143 128
144 128 155 128
156 128 167 128
168 128 179 128
180 128 191 128
192 126 195 128
0 129 11 129
36 129 47 129
48 129 59 129
72 129 83 129
84 129 95 129
108 129 119 129
132 129 143 129
144 129 155 129
156 129 167 129
180 129 191 129
0 130 11 130
12 129 17 130
24 129 29 130
36 130 47 130
48 130 59 130
60 128 63 130
72 130 83 130
84 130 95 130
108 130 119 130
120 128 123 130
132 130 143 130
144 130 155 130
156 130 167 130
168 129 173 130
192 129 197 130
0 131 11 131
12 131 23 131
36 131 47 131
48 131 59 131
60 131 71 131
72 131 83 131
84 131 95 131
96 128 98 131
108 131 119 131
120 131 131 131
132 131 143 131
144 131 155 131
156 131 167 131
168 131 179 131
180 130 185 131
0 132 11 132
12 132 23 132
24 131 29 132
60 132 71 132
72 132 83 132
84 132 95 132
108 132 119 132
120 132 131 132
132 132 143 132
144 132 155 132
156 132 167 132
192 131 197 132
0 133 11 133
24 133 35 133
48 132 53 133
60 133 71 133
72 133 83 133
84 133 95 133
96 132 101 133
108 133 119 133
120 133 131 133
132 133 143 133
144 133 155 133
156 133 167 133
168 132 173 133
0 134 11 134
12 133 17 134
36 132 39 134
48 134 59 134
60 134 71 134
72 134 83 134
84 134 95 134
96 134 107 134
108 134 119 134
120 134 131 134
144 134 155 134
156 134 167 134
168 134 179 134
180 132 183 134
192 133 197 134
0 135 11 135
12 135 23 135
24 134 29 135
36 135 47 135
48 135 59 135
60 135 71 135
72 135 83 135
84 135 95 135
96 135 107 135
108 135 119 135
120 135 131 135
132 134 137 135
144 135 155 135
168 135 179 135
180 135 191 135
0 136 11 136
12 136 23 136
24 136 35 136
36 136 47 136
48 136 59 136
60 136 71 136
72 136 83 136
84 136 95 136
96 136 107 136
108 136 119 136
120 136 131 136
132 136 143 136
144 136 155 136
156 135 161 136
168 136 179 136
180 136 191 136
192 135 197 136
0 137 11 137
24 137 35 137
36 137 47 137
48 137 59 137
60 137 71 137
72 137 83 137
84 137 95 137
96 137 107 137
108 137 119 137
120 137 131 137
132 137 143 137
144 137 155 137
156 137 167 137
168 137 179 137
180 137 191 137
0 138 11 138
12 137 17 138
24 138 35 138
36 138 47 138
48 138 59 138
60 138 71 138
72 138 83 138
96 138 107 138
108 138 119 138
120 138 131 138
132 138 143 138
144 138 155 138
156 138 167 138
168 138 179 138
180 138 191 138
192 137 197 138
0 139 11 139
12 139 23 139
24 139 35 139
36 139 47 139
48 139 59 139
60 139 71 139
72 139 83 139
84 138 89 139
108 139 119 139
120 139 131 139
132 139 143 139
144 139 155 139
156 139 167 139
168 139 179 139
180 139 191 139
0 140 11 140
12 140 23 140
24 140 35 140
36 140 47 140
48 140 59 140
60 140 71 140
84 140 95 140
96 139 101 140
108 140 119 140
120 140 131 140
132 140 143 140
144 140 155 140
156 140 167 140
192 139 197 140
0 141 11 141
12 141 23 141
24 141 35 141
36 141 47 141
48 141 59 141
60 141 71 141
72 140 77 141
84 141 95 141
96 141 107 141
120 141 131 141
132 141 143 141
144 141 155 141
180 140 185 141
0 142 11 142
24 142 35 142
36 142 47 142
48 142 59 142
60 142 71 142
72 142 83 142
84 142 95 142
96 142 107 142
108 141 113 142
144 142 155 142
180 142 191 142
192 141 197 142
0 143 11 143
12 142 17 143
48 143 59 143
60 143 71 143
72 143 83 143
84 143 95 143
96 143 107 143
108 143 119 143
120 142 125 143
132 142 137 143
144 143 155 143
156 141 159 143
168 140 170 143
180 143 191 143
0 144 11 144
12 144 23 144
24 143 29 144
36 143 41 144
48 144 59 144
60 144 71 144
72 144 83 144
84 144 95 144
96 144 107 144
108 144 119 144
120 144 131 144
132 144 143 144
144 144 155 144
156 144 167 144
192 143 197 144
0 145 11 145
12 145 23 145
24 145 35 145
36 145 47 145
48 145 59 145
60 145 71 145
72 145 83 145
84 145 95 145
96 145 107 145
120 145 131 145
144 145 155 145
156 145 167 145
180 144 185 145
0 146 11 146
12 146 23 146
24 146 35 146
60 146 71 146
72 146 83 146
84 146 95 146
96 146 107 146
108 145 113 146
120 146 131 146
132 145 137 146
144 146 155 146
156 146 167 146
168 144 171 146
180 146 191 146
192 145 197 146
12 147 23 147
24 147 35 147
60 147 71 147
72 147 83 147
84 147 95 147
96 147 107 147
108 147 119 147
120 147 131 147
132 147 143 147
144 147 155 147
156 147 167 147
168 147 179 147
180 147 191 147
0 147 5 148
12 148 23 148
24 148 35 148
36 146 39 148
60 148 71 148
72 148 83 148
84 148 95 148
120 148 131 148
132 148 143 148
144 148 155 148
156 148 167 148
168 148 179 148
180 148 191 148
192 147 197 148
0 149 11 149
12 149 23 149
24 149 35 149
36 149 47 149
48 146 50 149
60 149 71 149
72 149 83 149
84 149 95 149
96 148 101 149
120 149 131 149
132 149 143 149
144 149 155 149
156 149 167 149
168 149 179 149
0 150 11 150
12 150 23 150
24 150 35 150
36 150 47 150
48 150 59 150
60 150 71 150
72 150 83 150
96 150 107 150
120 150 131 150
144 150 155 150
156 150 167 150
168 150 179 150
180 149 185 150
192 149 197 150
0 151 11 151
12 151 23 151
24 151 35 151
36 151 47 151
48 151 59 151
60 151 71 151
72 151 83 151
96 151 107 151
108 148 110 151
120 151 131 151
132 150 137 151
144 151 155 151
156 151 167 151
168 151 179 151
180 151 191 151
0 152 11 152
12 152 23 152
24 152 35 152
36 152 47 152
48 152 59 152
60 152 71 152
72 152 83 152
96 152 107 152
108 152 119 152
120 152 131 152
132 152 143 152
144 152 155 152
156 152 167 152
168 152 179 152
180 152 191 152
192 151 197 152
0 153 11 153
12 153 23 153
24 153 35 153
48 153 59 153
60 153 71 153
72 153 83 153
84 150 86 153
108 153 119 153
132 153 143 153
144 153 155 153
156 153 167 153
168 153 179 153
180 153 191 153
0 154 11 154
12 154 23 154
24 154 35 154
36 153 41 154
48 154 59 154
72 154 83 154
84 154 95 154
108 154 119 154
120 153 125 154
132 154 143 154
156 154 167 154
180 154 191 154
192 153 197 154
0 155 11 155
12 155 23 155
24 155 35 155
36 155 47 155
48 155 59 155
60 154 65 155
84 155 95 155
120 155 131 155
132 155 143 155
156 155 167 155
168 154 173 155
180 155 191 155
0 156 11 156
24 156 35 156
36 156 47 156
60 156 71 156
84 156 95 156
96 153 98 156
120 156 131 156
156 156 167 156
168 156 179 156
180 156 191 156
0 157 11 157
12 156 17 157
24 157 35 157
36 157 47 157
48 156 53 157
60 157 71 157
84 157 95 157
96 157 107 157
108 155 111 157
120 157 131 157
132 156 137 157
156 157 167 157
168 157 179 157
180 157 191 157
192 155 195 157
0 158 11 158
12 158 23 158
36 158 47 158
48 158 59 158
60 158 71 158
72 155 74 158
84 158 95 158
96 158 107 158
108 158 119 158
120 158 131 158
132 158 143 158
168 158 179 158
0 159 11 159
12 159 23 159
24 158 29 159
60 159 71 159
72 159 83 159
84 159 95 159
96 159 107 159
108 159 119 159
120 159 131 159
132 159 143 159
144 154 145 159
168 159 179 159
180 158 185 159
192 158 197 159
0 160 11 160
12 160 23 160
48 159 53 160
60 160 71 160
84 160 95 160
96 160 107 160
108 160 119 160
120 160 131 160
132 160 143 160
144 160 155 160
180 160 191 160
0 161 11 161
12 161 23 161
48 161 59 161
60 161 71 161
72 160 77 161
84 161 95 161
96 161 107 161
108 161 119 161
120 161 131 161
132 161 143 161
144 161 155 161
156 158 158 161
168 160 173 161
180 161 191 161
192 160 197 161
0 162 11 162
24 160 27 162
48 162 59 162
60 162 71 162
72 162 83 162
84 162 95 162
96 162 107 162
108 162 119 162
120 162 131 162
132 162 143 162
144 162 155 162
156 162 167 162
168 162 179 162
180 162 191 162
0 163 11 163
12 162 17 163
24 163 35 163
48 163 59 163
60 163 71 163
72 163 83 163
84 163 95 163
108 163 119 163
120 163 131 163
132 163 143 163
144 163 155 163
156 163 167 163
168 163 179 163
180 163 191 163
192 162 197 163
0 164 11 164
12 164 23 164
24 164 35 164
36 159 37 164
48 164 59 164
60 164 71 164
72 164 83 164
84 164 95 164
96 163 101 164
120 164 131 164
132 164 143 164
144 164 155 164
168 164 179 164
180 164 191 164
0 165 11 165
12 165 23 165
24 165 35 165
36 165 47 165
48 165 59 165
60 165 71 165
72 165 83 165
84 165 95 165
96 165 107 165
108 164 113 165
120 165 131 165
132 165 143 165
144 165 155 165
156 164 161 165
168 165 179 165
180 165 191 165
192 164 197 165
0 166 11 166
12 166 23 166
24 166 35 166
36 166 47 166
48 166 59 166
72 166 83 166
84 166 95 166
96 166 107 166
108 166 119 166
132 166 143 166
144 166 155 166
156 166 167 166
168 166 179 166
180 166 191 166
0 167 11 167
12 167 23 167
24 167 35 167
36 167 47 167
48 167 59 167
60 166 65 167
72 167 83 167
84 167 95 167
96 167 107 167
108 167 119 167
132 167 143 167
144 167 155 167
156 167 167 167
168 167 179 167
180 167 191 167
0 168 11 168
24 168 35 168
36 168 47 168
48 168 59 168
60 168 71 168
72 168 83 168
84 168 95 168
96 168 107 168
108 168 119 168
132 168 143 168
144 168 155 168
156 168 167 168
168 168 179 168
180 168 191 168
0 169 11 169
12 168 17 169
36 169 47 169
48 169 59 169
60 169 71 169
72 169 83 169
84 169 95 169
96 169 107 169
108 169 119 169
132 169 143 169
156 169 167 169
180 169 191 169
192 166 194 169
0 170 11 170
12 170 23 170
24 169 29 170
36 170 47 170
48 170 59 170
72 170 83 170
84 170 95 170
96 170 107 170
108 170 119 170
132 170 143 170
156 170 167 170
180 170 191 170
0 171 11 171
12 171 23 171
24 171 35 171
36 171 47 171
48 171 59 171
72 171 83 171
84 171 95 171
96 171 107 171
108 171 119 171
132 171 143 171
156 171 167 171
168 169 171 171
180 171 191 171
192 170 197 171
0 172 11 172
12 172 23 172
24 172 35 172
36 172 47 172
48 172 59 172
72 172 83 172
84 172 95 172
96 172 107 172
108 172 119 172
132 172 143 172
156 172 167 172
180 172 191 172
0 173 11 173
12 173 23 173
24 173 35 173
36 173 47 173
72 173 83 173
84 173 95 173
108 173 119 173
132 173 143 173
156 173 167 173
168 172 173 173
180 173 191 173
192 172 197 173
0 174 11 174
12 174 23 174
24 174 35 174
36 174 47 174
72 174 83 174
84 174 95 174
108 174 119 174
144 169 145 174
180 174 191 174
0 175 11 175
12 175 23 175
48 173 51 175
60 170 61 175
72 175 83 175
84 175 95 175
108 175 119 175
132 174 137 175
144 175 155 175
156 174 161 175
192 174 197 175
0 176 11 176
24 175 29 176
36 175 41 176
48 176 59 176
60 176 71 176
72 176 83 176
84 176 95 176
96 173 98 176
108 176 119 176
132 176 143 176
144 176 155 176
156 176 167 176
168 174 171 176
0 177 11 177
12 176 17 177
24 177 35 177
36 177 47 177
48 177 59 177
60 177 71 177
84 177 95 177
96 177 107 177
120 166 120 177
144 177 155 177
156 177 167 177
168 177 179 177
180 175 183 177
192 176 197 177
0 178 11 178
12 178 23 178
24 178 35 178
60 178 71 178
72 177 77 178
84 178 95 178
96 178 107 178
120 178 131 178
132 177 137 178
144 178 155 178
156 178 167 178
168 178 179 178
180 178 191 178
0 179 11 179
12 179 23 179
24 179 35 179
36 178 41 179
60 179 71 179
72 179 83 179
84 179 95 179
96 179 107 179
120 179 131 179
132 179 143 179
156 179 167 179
168 179 179 179
180 179 191 179
192 178 197 179
12 180 23 180
24 180 35 180
36 180 47 180
48 178 51 180
60 180 71 180
72 180 83 180
84 180 95 180
96 180 107 180
108 177 110 180
120 180 131 180
132 180 143 180
156 180 167 180
168 180 179 180
180 180 191 180
0 180 5 181
12 181 23 181
24 181 35 181
36 181 47 181
60 181 71 181
72 181 83 181
84 181 95 181
96 181 107 181
108 181 119 181
120 181 131 181
132 181 143 181
144 179 147 181
156 181 167 181
168 181 179 181
180 181 191 181
192 180 197 181
12 182 23 182
24 182 35 182
48 181 53 182
84 182 95 182
96 182 107 182
108 182 119 182
120 182 131 182
132 182 143 182
144 182 155 182
156 182 167 182
168 182 179 182
180 182 191 182
0 182 5 183
24 183 35 183
36 182 41 183
48 183 59 183
60 182 65 183
72 182 77 183
84 183 95 183
108 183 119 183
120 183 131 183
132 183 143 183
144 183 155 183
156 183 167 183
168 183 179 183
180 183 191 183
192 182 197 183
0 184 11 184
24 184 35 184
36 184 47 184
48 184 59 184
60 184 71 184
96 183 101 184
108 184 119 184
132 184 143 184
144 184 155 184
168 184 179 184
180 184 191 184
0 185 11 185
24 185 35 185
36 185 47 185
48 185 59 185
60 185 71 185
72 184 77 185
84 184 89 185
96 185 107 185
108 185 119 185
120 184 125 185
132 185 143 185
144 185 155 185
168 185 179 185
180 185 191 185
192 184 197 185
0 186 11 186
24 186 35 186
36 186 47 186
48 186 59 186
60 186 71 186
84 186 95 186
96 186 107 186
108 186 119 186
120 186 131 186
132 186 143 186
144 186 155 186
168 186 179 186
180 186 191 186
0 187 11 187
24 187 35 187
36 187 47 187
48 187 59 187
60 187 71 187
72 186 77 187
84 187 95 187
96 187 107 187
108 187 119 187
120 187 131 187
132 187 143 187
144 187 155 187
168 187 179 187
180 187 191 187
192 186 197 187
0 188 11 188
12 183 13 188
24 188 35 188
36 188 47 188
48 188 59 188
60 188 71 188
72 188 83 188
84 188 95 188
96 188 107 188
108 188 119 188
120 188 131 188
132 188 143 188
144 188 155 188
168 188 179 188
180 188 191 188
0 189 11 189
12 189 23 189
24 189 35 189
48 189 59 189
60 189 71 189
72 189 83 189
84 189 95 189
96 189 107 189
108 189 119 189
120 189 131 189
132 189 143 189
144 189 155 189
156 184 157 189
168 189 179 189
180 189 191 189
192 188 197 189
0 190 11 190
12 190 23 190
24 190 35 190
36 189 41 190
60 190 71 190
72 190 83 190
84 190 95 190
96 190 107 190
108 190 119 190
132 190 143 190
144 190 155 190
156 190 167 190
168 190 179 190
180 190 191 190
0 191 11 191
12 191 23 191
24 191 35 191
36 191 47 191
48 190 53 191
60 191 71 191
72 191 83 191
96 191 107 191
108 191 119 191
120 190 125 191
132 191 143 191
144 191 155 191
156 191 167 191
168 191 179 191
180 191 191 191
192 190 197 191
0 192 11 192
12 192 23 192
24 192 35 192
36 192 47 192
48 192 59 192
72 192 83 192
84 191 89 192
96 192 107 192
108 192 119 192
120 192 131 192
132 192 143 192
144 192 155 192
156 192 167 192
180 192 191 192
0 193 11 193
12 193 23 193
24 193 35 193
36 193 47 193
48 193 59 193
60 192 65 193
72 193 83 193
84 193 95 193
96 193 107 193
108 193 119 193
120 193 131 193
144 193 155 193
168 192 173 193
180 193 191 193
192 192 197 193
0 194 11 194
12 194 23 194
36 194 47 194
48 194 59 194
60 194 71 194
72 194 83 194
84 194 95 194
96 194 107 194
144 194 155 194
156 193 161 194
168 194 179 194
0 195 11 195
12 195 23 195
24 194 29 195
36 195 47 195
48 195 59 195
60 195 71 195
72 195 83 195
84 195 95 195
96 195 107 195
108 194 113 195
120 194 125 195
132 193 135 195
144 195 155 195
156 195 167 195
168 195 179 195
180 194 185 195
192 194 197 195
0 196 11 196
12 196 23 196
36 196 47 196
48 196 59 196
60 196 71 196
96 196 107 196
108 196 119 196
120 196 131 196
132 196 143 196
144 196 155 196
156 196 167 196
168 196 179 196
180 196 191 196
0 197 11 197
12 197 23 197
24 196 29 197
36 197 47 197
48 197 59 197
60 197 71 197
72 196 77 197
96 197 107 197
108 197 119 197
132 197 143 197
156 197 167 197
168 197 179 197
180 197 191 197
192 196 197 197
0 198 11 198
12 198 23 198
24 198 35 198
36 198 47 198
48 198 59 198
60 198 71 198
72 198 83 198
84 196 87 198
108 198 119 198
120 197 125 198
132 198 143 198
144 197 149 198
168 198 179 198
180 198 191 198
0 199 11 199
12 199 23 199
36 199 47 199
48 199 59 199
60 199 71 199
84 199 95 199
96 198 101 199
108 199 119 199
120 199 131 199
132 199 143 199
144 199 155 199
156 198 161 199
168 199 179 199
180 199 191 199
192 198 197 199
0 200 11 200
12 200 23 200
24 199 29 200
36 200 47 200
48 200 59 200
60 200 71 200
72 199 77 200
84 200 95 200
96 200 107 200
108 200 119 200
120 200 131 200
132 200 143 200
144 200 155 200
156 200 167 200
168 200 179 200
180 200 191 200
0 201 11 201
24 201 35 201
36 201 47 201
48 201 59 201
60 201 71 201
84 201 95 201
96 201 107 201
108 201 119 201
120 201 131 201
132 201 143 201
144 201 155 201
156 201 167 201
168 201 179 201
180 201 191 201
192 200 197 201
0 202 11 202
12 201 17 202
24 202 35 202
36 202 47 202
48 202 59 202
60 202 71 202
72 201 77 202
84 202 95 202
96 202 107 202
108 202 119 202
120 202 131 202
132 202 143 202
144 202 155 202
156 202 167 202
168 202 179 202
180 202 191 202
0 203 11 203
12 203 23 203
24 203 35 203
36 203 47 203
48 203 59 203
60 203 71 203
72 203 83 203
84 203 95 203
96 203 107 203
108 203 119 203
120 203 131 203
132 203 143 203
144 203 155 203
156 203 167 203
168 203 179 203
180 203 191 203
192 202 197 203
0 204 11 204
12 204 23 204
36 204 47 204
48 204 59 204
60 204 71 204
72 204 83 204
96 204 107 204
108 204 119 204
120 204 131 204
132 204 143 204
156 204 167 204
168 204 179 204
180 204 191 204
0 205 11 205
36 205 47 205
48 205 59 205
60 205 71 205
72 205 83 205
84 204 89 205
96 205 107 205
108 205 119 205
120 205 131 205
132 205 143 205
144 204 149 205
156 205 167 205
168 205 179 205
180 205 191 205
192 204 197 205
0 206 11 206
12 205 17 206
36 206 47 206
48 206 59 206
60 206 71 206
72 206 83 206
84 206 95 206
96 206 107 206
108 206 119 206
120 206 131 206
132 206 143 206
156 206 167 206
168 206 179 206
180 206 191 206
0 207 11 207
12 207 23 207
24 204 26 207
36 207 47 207
60 207 71 207
72 207 83 207
96 207 107 207
108 207 119 207
120 207 131 207
132 207 143 207
144 207 155 207
156 207 167 207
168 207 179 207
180 207 191 207
192 206 197 207
0 208 11 208
12 208 23 208
36 208 47 208
48 207 53 208
60 208 71 208
72 208 83 208
84 207 89 208
96 208 107 208
108 208 119 208
120 208 131 208
132 208 143 208
144 208 155 208
156 208 167 208
180 208 191 208
0 209 11 209
12 209 23 209
24 208 29 209
36 209 47 209
60 209 71 209
72 209 83 209
84 209 95 209
96 209 107 209
108 209 119 209
120 209 131 209
132 209 143 209
144 209 155 209
156 209 167 209
168 208 173 209
180 209 191 209
192 208 197 209
12 210 23 210
24 210 35 210
36 210 47 210
60 210 71 210
72 210 83 210
84 210 95 210
108 210 119 210
120 210 131 210
132 210 143 210
144 210 155 210
156 210 167 210
180 210 191 210
0 210 5 211
12 211 23 211
24 211 35 211
36 211 47 211
72 211 83 211
108 211 119 211
120 211 131 211
132 211 143 211
144 211 155 211
156 211 167 211
180 211 191 211
192 210 197 211
0 212 11 212
12 212 23 212
24 212 35 212
60 211 65 212
72 212 83 212
84 211 89 212
96 210 99 212
108 212 119 212
120 212 131 212
132 212 143 212
144 212 155 212
168 210 171 212
180 212 191 212
0 213 11 213
12 213 23 213
24 213 35 213
60 213 71 213
72 213 83 213
84 213 95 213
96 213 107 213
108 213 119 213
120 213 131 213
132 213 143 213
156 212 161 213
168 213 179 213
180 213 191 213
192 212 197 213
0 214 11 214
12 214 23 214
24 214 35 214
36 212 39 214
48 209 49 214
60 214 71 214
72 214 83 214
84 214 95 214
96 214 107 214
108 214 119 214
120 214 131 214
132 214 143 214
144 213 149 214
156 214 167 214
168 214 179 214
180 214 191 214
0 215 11 215
12 215 23 215
24 215 35 215
36 215 47 215
48 215 59 215
60 215 71 215
72 215 83 215
96 215 107 215
108 215 119 215
120 215 131 215
132 215 143 215
144 215 155 215
156 215 167 215
168 215 179 215
180 215 191 215
192 214 197 215
0 216 11 216
12 216 23 216
24 216 35 216
36 216 47 216
48 216 59 216
60 216 71 216
72 216 83 216
84 215 89 216
108 216 119 216
120 216 131 216
132 216 143 216
144 216 155 216
156 216 167 216
168 216 179 216
180 216 191 216
0 217 11 217
12 217 23 217
24 217 35 217
36 217 47 217
48 217 59 217
60 217 71 217
72 217 83 217
84 217 95 217
96 216 101 217
108 217 119 217
120 217 131 217
132 217 143 217
144 217 155 217
156 217 167 217
168 217 179 217
180 217 191 217
192 216 197 217
0 218 11 218
12 218 23 218
24 218 35 218
36 218 47 218
60 218 71 218
72 218 83 218
96 218 107 218
108 218 119 218
120 218 131 218
132 218 143 218
144 218 155 218
156 218 167 218
168 218 179 218
0 219 11 219
12 219 23 219
24 219 35 219
36 219 47 219
48 218 53 219
60 219 71 219
72 219 83 219
84 218 89 219
96 219 107 219
108 219 119 219
132 219 143 219
144 219 155 219
156 219 167 219
168 219 179 219
180 218 185 219
0 220 11 220
24 220 35 220
36 220 47 220
48 220 59 220
60 220 71 220
72 220 83 220
96 220 107 220
108 220 119 220
120 219 125 220
132 220 143 220
144 220 155 220
156 220 167 220
168 220 179 220
180 220 191 220
192 218 195 220
0 221 11 221
12 220 17 221
24 221 35 221
36 221 47 221
48 221 59 221
60 221 71 221
84 220 89 221
96 221 107 221
108 221 119 221
120 221 131 221
132 221 143 221
144 221 155 221
156 221 167 221
168 221 179 221
180 221 191 221
0 222 11 222
12 222 23 222
36 222 47 222
48 222 59 222
72 221 77 222
84 222 95 222
108 222 119 222
120 222 131 222
144 222 155 222
156 222 167 222
168 222 179 222
192 221 197 222
0 223 11 223
12 223 23 223
24 222 29 223
36 223 47 223
48 223 59 223
60 222 65 223
72 223 83 223
84 223 95 223
108 223 119 223
120 223 131 223
144 223 155 223
168 223 179 223
180 222 185 223
0 224 11 224
12 224 23 224
24 224 35 224
36 224 47 224
48 224 59 224
60 224 71 224
72 224 83 224
84 224 95 224
108 224 119 224
120 224 131 224
132 222 135 224
144 224 155 224
168 224 179 224
180 224 191 224
192 223 197 224
0 225 11 225
12 225 23 225
24 225 35 225
48 225 59 225
60 225 71 225
72 225 83 225
84 225 95 225
96 222 98 225
108 225 119 225
120 225 131 225
132 225 143 225
144 225 155 225
156 223 159 225
168 225 179 225
0 226 11 226
24 226 35 226
36 225 41 226
60 226 71 226
72 226 83 226
84 226 95 226
96 226 107 226
108 226 119 226
120 226 131 226
132 226 143 226
144 226 155 226
156 226 167 226
168 226 179 226
180 225 185 226
192 225 197 226
0 227 11 227
24 227 35 227
36 227 47 227
48 226 53 227
60 227 71 227
72 227 83 227
84 227 95 227
96 227 107 227
108 227 119 227
120 227 131 227
132 227 143 227
144 227 155 227
168 227 179 227
180 227 191 227
0 228 11 228
24 228 35 228
36 228 47 228
72 228 83 228
84 228 95 228
96 228 107 228
108 228 119 228
120 228 131 228
132 228 143 228
144 228 155 228
156 227 161 228
168 228 179 228
180 228 191 228
0 229 11 229
24 229 35 229
36 229 47 229
48 228 53 229
72 229 83 229
84 229 95 229
108 229 119 229
120 229 131 229
132 229 143 229
144 229 155 229
156 229 167 229
168 229 179 229
180 229 191 229
192 227 195 229
24 230 35 230
36 230 47 230
48 230 59 230
60 228 63 230
72 230 83 230
84 230 95 230
96 229 101 230
108 230 119 230
120 230 131 230
132 230 143 230
144 230 155 230
156 230 167 230
168 230 179 230
180 230 191 230
0 230 5 231
24 231 35 231
36 231 47 231
48 231 59 231
60 231 71 231
72 231 83 231
84 231 95 231
96 231 107 231
108 231 119 231
120 231 131 231
132 231 143 231
156 231 167 231
168 231 179 231
180 231 191 231
192 230 197 231
0 232 11 232
36 232 47 232
48 232 59 232
60 232 71 232
72 232 83 232
84 232 95 232
96 232 107 232
120 232 131 232
144 232 155 232
156 232 167 232
168 232 179 232
180 232 191 232
0 233 11 233
36 233 47 233
48 233 59 233
60 233 71 233
72 233 83 233
84 233 95 233
96 233 107 233
108 232 113 233
120 233 131 233
132 232 137 233
144 233 155 233
156 233 167 233
168 233 179 233
180 233 191 233
192 232 197 233
0 234 11 234
24 232 27 234
36 234 47 234
60 234 71 234
72 234 83 234
84 234 95 234
96 234 107 234
120 234 131 234
132 234 143 234
144 234 155 234
156 234 167 234
168 234 179 234
180 234 191 234
0 235 11 235
24 235 35 235
36 235 47 235
48 234 53 235
72 235 83 235
84 235 95 235
96 235 107 235
108 234 113 235
120 235 131 235
132 235 143 235
144 235 155 235
156 235 167 235
168 235 179 235
180 235 191 235
192 234 197 235
0 236 11 236
36 236 47 236
48 236 59 236
72 236 83 236
84 236 95 236
96 236 107 236
108 236 119 236
132 236 143 236
144 236 155 236
156 236 167 236
168 236 179 236
0 237 11 237
12 226 12 237
24 236 29 237
36 237 47 237
72 237 83 237
84 237 95 237
96 237 107 237
108 237 119 237
144 237 155 237
156 237 167 237
168 237 179 237
180 236 185 237
192 236 197 237
0 238 11 238
12 238 23 238
24 238 35 238
36 238 47 238
60 235 62 238
72 238 83 238
84 238 95 238
96 238 107 238
132 237 137 238
144 238 155 238
156 238 167 238
168 238 179 238
180 238 191 238
0 239 11 239
12 239 23 239
24 239 35 239
36 239 47 239
84 239 95 239
96 239 107 239
120 236 122 239
132 239 143 239
144 239 155 239
168 239 179 239
180 239 191 239
192 238 197 239
0 240 11 240
12 240 23 240
36 240 47 240
48 237 50 240
60 239 65 240
84 240 95 240
132 240 143 240
144 240 155 240
156 239 161 240
168 240 179 240
180 240 191 240
0 241 11 241
12 241 23 241
24 240 29 241
36 241 47 241
48 241 59 241
60 241 71 241
84 241 95 241
120 240 125 241
132 241 143 241
144 241 155 241
156 241 167 241
168 241 179 241
180 241 191 241
192 240 197 241
0 242 11 242
12 242 23 242
24 242 35 242
36 242 47 242
48 242 59 242
60 242 71 242
72 239 74 242
84 242 95 242
96 240 99 242
120 242 131 242
132 242 143 242
156 242 167 242
168 242 179 242
180 242 191 242
0 243 11 243
12 243 23 243
24 243 35 243
36 243 47 243
60 243 71 243
72 243 83 243
84 243 95 243
96 243 107 243
108 238 109 243
120 243 131 243
132 243 143 243
144 242 149 243
156 243 167 243
168 243 179 243
180 243 191 243
192 242 197 243
0 244 11 244
12 244 23 244
24 244 35 244
36 244 47 244
48 243 53 244
60 244 71 244
72 244 83 244
84 244 95 244
96 244 107 244
108 244 119 244
120 244 131 244
132 244 143 244
156 244 167 244
168 244 179 244
0 245 11 245
12 245 23 245
24 245 35 245
36 245 47 245
60 245 71 245
72 245 83 245
84 245 95 245
96 245 107 245
108 245 119 245
120 245 131 245
132 245 143 245
156 245 167 245
180 244 185 245
192 244 197 245
0 246 11 246
12 246 23 246
24 246 35 246
36 246 47 246
48 245 53 246
60 246 71 246
72 246 83 246
96 246 107 246
108 246 119 246
132 246 143 246
144 244 147 246
156 246 167 246
180 246 191 246
0 247 11 247
12 247 23 247
48 247 59 247
60 247 71 247
72 247 83 247
84 246 89 247
96 247 107 247
108 247 119 247
132 247 143 247
144 247 155 247
156 247 167 247
180 247 191 247
192 246 197 247
0 248 11 248
12 248 23 248
24 247 29 248
36 247 41 248
48 248 59 248
60 248 71 248
96 248 107 248
108 248 119 248
120 246 123 248
144 248 155 248
156 248 167 248
180 248 191 248
0 249 11 249
12 249 23 249
24 249 35 249
36 249 47 249
48 249 59 249
60 249 71 249
72 248 77 249
84 248 89 249
96 249 107 249
108 249 119 249
120 249 131 249
132 248 137 249
144 249 155 249
156 249 167 249
168 245 169 249
180 249 191 249
192 248 197 249